\BOOKMARK [0][-]{chapter.1}{\376\377\000N\000a\000m\000e\000s\000p\000a\000c\000e\000\040\000D\000o\000c\000u\000m\000e\000n\000t\000a\000t\000i\000o\000n}{}% 1
\BOOKMARK [1][-]{section.1.1}{\376\377\000a\000r\000d\000r\000o\000n\000e\000\137\000g\000u\000i\000\137\000c\000o\000n\000t\000r\000o\000l\000l\000e\000r\000\040\000N\000a\000m\000e\000s\000p\000a\000c\000e\000\040\000R\000e\000f\000e\000r\000e\000n\000c\000e}{chapter.1}% 2
\BOOKMARK [2][-]{subsection.1.1.1}{\376\377\000F\000u\000n\000c\000t\000i\000o\000n\000\040\000D\000o\000c\000u\000m\000e\000n\000t\000a\000t\000i\000o\000n}{section.1.1}% 3
\BOOKMARK [3][-]{subsubsection.1.1.1.1}{\376\377\000q\000u\000i\000t}{subsection.1.1.1}% 4
\BOOKMARK [2][-]{subsection.1.1.2}{\376\377\000V\000a\000r\000i\000a\000b\000l\000e\000\040\000D\000o\000c\000u\000m\000e\000n\000t\000a\000t\000i\000o\000n}{section.1.1}% 5
\BOOKMARK [3][-]{subsubsection.1.1.2.1}{\376\377\000a\000p\000p}{subsection.1.1.2}% 6
\BOOKMARK [3][-]{subsubsection.1.1.2.2}{\376\377\000C\000O\000N\000T\000R\000O\000L\000L\000E\000R}{subsection.1.1.2}% 7
\BOOKMARK [3][-]{subsubsection.1.1.2.3}{\376\377\000i\000m\000g}{subsection.1.1.2}% 8
\BOOKMARK [3][-]{subsubsection.1.1.2.4}{\376\377\000r\000o\000o\000t}{subsection.1.1.2}% 9
\BOOKMARK [1][-]{section.1.2}{\376\377\000a\000r\000d\000r\000o\000n\000e\000g\000u\000i\000c\000o\000n\000t\000r\000o\000l\000l\000e\000r\000\040\000N\000a\000m\000e\000s\000p\000a\000c\000e\000\040\000R\000e\000f\000e\000r\000e\000n\000c\000e}{chapter.1}% 10
\BOOKMARK [1][-]{section.1.3}{\376\377\000b\000a\000s\000i\000c\000d\000r\000o\000n\000e\000c\000o\000n\000t\000r\000o\000l\000l\000e\000r\000\040\000N\000a\000m\000e\000s\000p\000a\000c\000e\000\040\000R\000e\000f\000e\000r\000e\000n\000c\000e}{chapter.1}% 11
\BOOKMARK [1][-]{section.1.4}{\376\377\000c\000l\000u\000s\000t\000e\000r\000N\000o\000d\000e\000\040\000N\000a\000m\000e\000s\000p\000a\000c\000e\000\040\000R\000e\000f\000e\000r\000e\000n\000c\000e}{chapter.1}% 12
\BOOKMARK [1][-]{section.1.5}{\376\377\000g\000a\000m\000e\000p\000a\000d\000c\000o\000n\000t\000r\000o\000l\000l\000e\000r\000\040\000N\000a\000m\000e\000s\000p\000a\000c\000e\000\040\000R\000e\000f\000e\000r\000e\000n\000c\000e}{chapter.1}% 13
\BOOKMARK [1][-]{section.1.6}{\376\377\000k\000e\000y\000b\000o\000a\000r\000d\000c\000o\000n\000t\000r\000o\000l\000l\000e\000r\000\040\000N\000a\000m\000e\000s\000p\000a\000c\000e\000\040\000R\000e\000f\000e\000r\000e\000n\000c\000e}{chapter.1}% 14
\BOOKMARK [1][-]{section.1.7}{\376\377\000m\000a\000r\000k\000e\000r\000C\000l\000a\000s\000s\000\040\000N\000a\000m\000e\000s\000p\000a\000c\000e\000\040\000R\000e\000f\000e\000r\000e\000n\000c\000e}{chapter.1}% 15
\BOOKMARK [1][-]{section.1.8}{\376\377\000s\000t\000a\000i\000r\000c\000a\000s\000e\000a\000i\000\040\000N\000a\000m\000e\000s\000p\000a\000c\000e\000\040\000R\000e\000f\000e\000r\000e\000n\000c\000e}{chapter.1}% 16
\BOOKMARK [0][-]{chapter.2}{\376\377\000C\000l\000a\000s\000s\000\040\000D\000o\000c\000u\000m\000e\000n\000t\000a\000t\000i\000o\000n}{}% 17
\BOOKMARK [1][-]{section.2.1}{\376\377\000a\000r\000d\000r\000o\000n\000e\000g\000u\000i\000c\000o\000n\000t\000r\000o\000l\000l\000e\000r\000.\000a\000r\000d\000r\000o\000n\000e\000G\000U\000I\000C\000o\000n\000t\000r\000o\000l\000l\000e\000r\000\040\000C\000l\000a\000s\000s\000\040\000R\000e\000f\000e\000r\000e\000n\000c\000e}{chapter.2}% 18
\BOOKMARK [2][-]{subsection.2.1.1}{\376\377\000D\000e\000t\000a\000i\000l\000e\000d\000\040\000D\000e\000s\000c\000r\000i\000p\000t\000i\000o\000n}{section.2.1}% 19
\BOOKMARK [2][-]{subsection.2.1.2}{\376\377\000C\000o\000n\000s\000t\000r\000u\000c\000t\000o\000r\000\040\000\046\000\040\000D\000e\000s\000t\000r\000u\000c\000t\000o\000r\000\040\000D\000o\000c\000u\000m\000e\000n\000t\000a\000t\000i\000o\000n}{section.2.1}% 20
\BOOKMARK [3][-]{subsubsection.2.1.2.1}{\376\377\000\137\000\137\000i\000n\000i\000t\000\137\000\137}{subsection.2.1.2}% 21
\BOOKMARK [2][-]{subsection.2.1.3}{\376\377\000M\000e\000m\000b\000e\000r\000\040\000F\000u\000n\000c\000t\000i\000o\000n\000\040\000D\000o\000c\000u\000m\000e\000n\000t\000a\000t\000i\000o\000n}{section.2.1}% 22
\BOOKMARK [3][-]{subsubsection.2.1.3.1}{\376\377\000g\000e\000t\000P\000a\000r\000a\000m\000e\000t\000e\000r\000s}{subsection.2.1.3}% 23
\BOOKMARK [3][-]{subsubsection.2.1.3.2}{\376\377\000s\000e\000t\000P\000a\000r\000a\000m\000e\000t\000e\000r\000s}{subsection.2.1.3}% 24
\BOOKMARK [3][-]{subsubsection.2.1.3.3}{\376\377\000s\000t\000a\000r\000t\000A\000I\000C\000t\000r\000l}{subsection.2.1.3}% 25
\BOOKMARK [3][-]{subsubsection.2.1.3.4}{\376\377\000s\000t\000a\000r\000t\000G\000a\000m\000e\000C\000t\000r\000l}{subsection.2.1.3}% 26
\BOOKMARK [3][-]{subsubsection.2.1.3.5}{\376\377\000s\000t\000a\000r\000t\000K\000e\000y\000C\000t\000r\000l}{subsection.2.1.3}% 27
\BOOKMARK [3][-]{subsubsection.2.1.3.6}{\376\377\000t\000o\000g\000g\000l\000e\000C\000o\000n\000t\000r\000o\000l\000l\000e\000r}{subsection.2.1.3}% 28
\BOOKMARK [2][-]{subsection.2.1.4}{\376\377\000M\000e\000m\000b\000e\000r\000\040\000D\000a\000t\000a\000\040\000D\000o\000c\000u\000m\000e\000n\000t\000a\000t\000i\000o\000n}{section.2.1}% 29
\BOOKMARK [3][-]{subsubsection.2.1.4.1}{\376\377\000a\000p\000p}{subsection.2.1.4}% 30
\BOOKMARK [3][-]{subsubsection.2.1.4.2}{\376\377\000c\000o\000n\000t\000r\000o\000l\000l\000e\000r}{subsection.2.1.4}% 31
\BOOKMARK [3][-]{subsubsection.2.1.4.3}{\376\377\000f\000r\000a\000m\000e}{subsection.2.1.4}% 32
\BOOKMARK [3][-]{subsubsection.2.1.4.4}{\376\377\000m\000a\000s\000t\000e\000r}{subsection.2.1.4}% 33
\BOOKMARK [3][-]{subsubsection.2.1.4.5}{\376\377\000n\000a\000m\000e\000s\000p\000a\000c\000e}{subsection.2.1.4}% 34
\BOOKMARK [3][-]{subsubsection.2.1.4.6}{\376\377\000p\000a\000r\000a\000m\000A\000R}{subsection.2.1.4}% 35
\BOOKMARK [3][-]{subsubsection.2.1.4.7}{\376\377\000p\000a\000r\000a\000m\000A\000R\000R\000o\000s}{subsection.2.1.4}% 36
\BOOKMARK [3][-]{subsubsection.2.1.4.8}{\376\377\000s\000v\000a}{subsection.2.1.4}% 37
\BOOKMARK [3][-]{subsubsection.2.1.4.9}{\376\377\000v\000a\000r\0001}{subsection.2.1.4}% 38
\BOOKMARK [3][-]{subsubsection.2.1.4.10}{\376\377\000v\000a\000r\0002}{subsection.2.1.4}% 39
\BOOKMARK [1][-]{section.2.2}{\376\377\000b\000a\000s\000i\000c\000d\000r\000o\000n\000e\000c\000o\000n\000t\000r\000o\000l\000l\000e\000r\000.\000b\000a\000s\000i\000c\000D\000r\000o\000n\000e\000C\000o\000n\000t\000r\000o\000l\000l\000e\000r\000\040\000C\000l\000a\000s\000s\000\040\000R\000e\000f\000e\000r\000e\000n\000c\000e}{chapter.2}% 40
\BOOKMARK [2][-]{subsection.2.2.1}{\376\377\000D\000e\000t\000a\000i\000l\000e\000d\000\040\000D\000e\000s\000c\000r\000i\000p\000t\000i\000o\000n}{section.2.2}% 41
\BOOKMARK [2][-]{subsection.2.2.2}{\376\377\000C\000o\000n\000s\000t\000r\000u\000c\000t\000o\000r\000\040\000\046\000\040\000D\000e\000s\000t\000r\000u\000c\000t\000o\000r\000\040\000D\000o\000c\000u\000m\000e\000n\000t\000a\000t\000i\000o\000n}{section.2.2}% 42
\BOOKMARK [3][-]{subsubsection.2.2.2.1}{\376\377\000\137\000\137\000i\000n\000i\000t\000\137\000\137}{subsection.2.2.2}% 43
\BOOKMARK [2][-]{subsection.2.2.3}{\376\377\000M\000e\000m\000b\000e\000r\000\040\000F\000u\000n\000c\000t\000i\000o\000n\000\040\000D\000o\000c\000u\000m\000e\000n\000t\000a\000t\000i\000o\000n}{section.2.2}% 44
\BOOKMARK [3][-]{subsubsection.2.2.3.1}{\376\377\000l\000a\000n\000d\000B\000e\000f\000o\000r\000e\000E\000x\000i\000t}{subsection.2.2.3}% 45
\BOOKMARK [3][-]{subsubsection.2.2.3.2}{\376\377\000r\000e\000c\000e\000i\000v\000e\000N\000a\000v\000d\000a\000t\000a}{subsection.2.2.3}% 46
\BOOKMARK [3][-]{subsubsection.2.2.3.3}{\376\377\000s\000e\000n\000d\000C\000o\000m\000m\000a\000n\000d}{subsection.2.2.3}% 47
\BOOKMARK [3][-]{subsubsection.2.2.3.4}{\376\377\000s\000e\000n\000d\000E\000m\000e\000r\000g\000e\000n\000c\000y}{subsection.2.2.3}% 48
\BOOKMARK [3][-]{subsubsection.2.2.3.5}{\376\377\000s\000e\000n\000d\000L\000a\000n\000d}{subsection.2.2.3}% 49
\BOOKMARK [3][-]{subsubsection.2.2.3.6}{\376\377\000s\000e\000n\000d\000t\000a\000k\000e\000o\000f\000f}{subsection.2.2.3}% 50
\BOOKMARK [3][-]{subsubsection.2.2.3.7}{\376\377\000s\000e\000t\000C\000o\000m\000m\000a\000n\000d}{subsection.2.2.3}% 51
\BOOKMARK [2][-]{subsection.2.2.4}{\376\377\000M\000e\000m\000b\000e\000r\000\040\000D\000a\000t\000a\000\040\000D\000o\000c\000u\000m\000e\000n\000t\000a\000t\000i\000o\000n}{section.2.2}% 52
\BOOKMARK [3][-]{subsubsection.2.2.4.1}{\376\377\000c\000o\000m\000m\000a\000n\000d}{subsection.2.2.4}% 53
\BOOKMARK [3][-]{subsubsection.2.2.4.2}{\376\377\000C\000O\000M\000M\000A\000N\000D\000\137\000P\000E\000R\000I\000O\000D}{subsection.2.2.4}% 54
\BOOKMARK [3][-]{subsubsection.2.2.4.3}{\376\377\000c\000o\000m\000m\000a\000n\000d\000T\000i\000m\000e\000r}{subsection.2.2.4}% 55
\BOOKMARK [3][-]{subsubsection.2.2.4.4}{\376\377\000c\000o\000n\000t\000r\000o\000l\000l\000e\000r\000S\000e\000l\000e\000c\000t}{subsection.2.2.4}% 56
\BOOKMARK [3][-]{subsubsection.2.2.4.5}{\376\377\000P\000A\000T\000H}{subsection.2.2.4}% 57
\BOOKMARK [3][-]{subsubsection.2.2.4.6}{\376\377\000p\000u\000b\000C\000o\000m\000m\000a\000n\000d}{subsection.2.2.4}% 58
\BOOKMARK [3][-]{subsubsection.2.2.4.7}{\376\377\000p\000u\000b\000L\000a\000n\000d}{subsection.2.2.4}% 59
\BOOKMARK [3][-]{subsubsection.2.2.4.8}{\376\377\000p\000u\000b\000R\000e\000s\000e\000t}{subsection.2.2.4}% 60
\BOOKMARK [3][-]{subsubsection.2.2.4.9}{\376\377\000p\000u\000b\000t\000a\000k\000e\000o\000f\000f}{subsection.2.2.4}% 61
\BOOKMARK [3][-]{subsubsection.2.2.4.10}{\376\377\000s\000t\000a\000t\000u\000s}{subsection.2.2.4}% 62
\BOOKMARK [3][-]{subsubsection.2.2.4.11}{\376\377\000s\000u\000b\000N\000a\000v\000d\000a\000t\000a}{subsection.2.2.4}% 63
\BOOKMARK [1][-]{section.2.3}{\376\377\000c\000l\000u\000s\000t\000e\000r\000N\000o\000d\000e\000.\000C\000l\000u\000s\000t\000e\000r\000\040\000C\000l\000a\000s\000s\000\040\000R\000e\000f\000e\000r\000e\000n\000c\000e}{chapter.2}% 64
\BOOKMARK [2][-]{subsection.2.3.1}{\376\377\000D\000e\000t\000a\000i\000l\000e\000d\000\040\000D\000e\000s\000c\000r\000i\000p\000t\000i\000o\000n}{section.2.3}% 65
\BOOKMARK [2][-]{subsection.2.3.2}{\376\377\000C\000o\000n\000s\000t\000r\000u\000c\000t\000o\000r\000\040\000\046\000\040\000D\000e\000s\000t\000r\000u\000c\000t\000o\000r\000\040\000D\000o\000c\000u\000m\000e\000n\000t\000a\000t\000i\000o\000n}{section.2.3}% 66
\BOOKMARK [3][-]{subsubsection.2.3.2.1}{\376\377\000\137\000\137\000i\000n\000i\000t\000\137\000\137}{subsection.2.3.2}% 67
\BOOKMARK [2][-]{subsection.2.3.3}{\376\377\000M\000e\000m\000b\000e\000r\000\040\000F\000u\000n\000c\000t\000i\000o\000n\000\040\000D\000o\000c\000u\000m\000e\000n\000t\000a\000t\000i\000o\000n}{section.2.3}% 68
\BOOKMARK [3][-]{subsubsection.2.3.3.1}{\376\377\000\137\000\137\000r\000e\000p\000r\000\137\000\137}{subsection.2.3.3}% 69
\BOOKMARK [3][-]{subsubsection.2.3.3.2}{\376\377\000c\000a\000l\000c\000u\000l\000a\000t\000e\000C\000e\000n\000t\000r\000o\000i\000d}{subsection.2.3.3}% 70
\BOOKMARK [3][-]{subsubsection.2.3.3.3}{\376\377\000f\000u\000s\000e}{subsection.2.3.3}% 71
\BOOKMARK [3][-]{subsubsection.2.3.3.4}{\376\377\000g\000e\000t\000C\000e\000n\000t\000r\000o\000i\000d\000D\000i\000s\000t\000a\000n\000c\000e}{subsection.2.3.3}% 72
\BOOKMARK [3][-]{subsubsection.2.3.3.5}{\376\377\000g\000e\000t\000C\000o\000m\000p\000l\000e\000t\000e\000D\000i\000s\000t\000a\000n\000c\000e}{subsection.2.3.3}% 73
\BOOKMARK [3][-]{subsubsection.2.3.3.6}{\376\377\000g\000e\000t\000D\000i\000s\000t\000a\000n\000c\000e}{subsection.2.3.3}% 74
\BOOKMARK [3][-]{subsubsection.2.3.3.7}{\376\377\000g\000e\000t\000S\000i\000n\000g\000l\000e\000D\000i\000s\000t\000a\000n\000c\000e}{subsection.2.3.3}% 75
\BOOKMARK [3][-]{subsubsection.2.3.3.8}{\376\377\000u\000p\000d\000a\000t\000e}{subsection.2.3.3}% 76
\BOOKMARK [2][-]{subsection.2.3.4}{\376\377\000M\000e\000m\000b\000e\000r\000\040\000D\000a\000t\000a\000\040\000D\000o\000c\000u\000m\000e\000n\000t\000a\000t\000i\000o\000n}{section.2.3}% 77
\BOOKMARK [3][-]{subsubsection.2.3.4.1}{\376\377\000c\000e\000n\000t\000r\000o\000i\000d}{subsection.2.3.4}% 78
\BOOKMARK [3][-]{subsubsection.2.3.4.2}{\376\377\000n}{subsection.2.3.4}% 79
\BOOKMARK [3][-]{subsubsection.2.3.4.3}{\376\377\000p\000o\000i\000n\000t\000s}{subsection.2.3.4}% 80
\BOOKMARK [1][-]{section.2.4}{\376\377\000c\000l\000u\000s\000t\000e\000r\000N\000o\000d\000e\000.\000c\000l\000u\000s\000t\000e\000r\000N\000o\000d\000e\000\040\000C\000l\000a\000s\000s\000\040\000R\000e\000f\000e\000r\000e\000n\000c\000e}{chapter.2}% 81
\BOOKMARK [2][-]{subsection.2.4.1}{\376\377\000D\000e\000t\000a\000i\000l\000e\000d\000\040\000D\000e\000s\000c\000r\000i\000p\000t\000i\000o\000n}{section.2.4}% 82
\BOOKMARK [2][-]{subsection.2.4.2}{\376\377\000C\000o\000n\000s\000t\000r\000u\000c\000t\000o\000r\000\040\000\046\000\040\000D\000e\000s\000t\000r\000u\000c\000t\000o\000r\000\040\000D\000o\000c\000u\000m\000e\000n\000t\000a\000t\000i\000o\000n}{section.2.4}% 83
\BOOKMARK [3][-]{subsubsection.2.4.2.1}{\376\377\000\137\000\137\000i\000n\000i\000t\000\137\000\137}{subsection.2.4.2}% 84
\BOOKMARK [2][-]{subsection.2.4.3}{\376\377\000M\000e\000m\000b\000e\000r\000\040\000F\000u\000n\000c\000t\000i\000o\000n\000\040\000D\000o\000c\000u\000m\000e\000n\000t\000a\000t\000i\000o\000n}{section.2.4}% 85
\BOOKMARK [3][-]{subsubsection.2.4.3.1}{\376\377\000a\000g\000g\000l\000o\000m\000e\000r\000a\000t\000i\000v\000e\000C\000l\000u\000s\000t\000e\000r\000i\000n\000g}{subsection.2.4.3}% 86
\BOOKMARK [3][-]{subsubsection.2.4.3.2}{\376\377\000m\000a\000k\000e\000D\000i\000s\000t\000a\000n\000c\000e\000M\000a\000t\000r\000i\000x}{subsection.2.4.3}% 87
\BOOKMARK [3][-]{subsubsection.2.4.3.3}{\376\377\000p\000r\000o\000c\000e\000s\000s\000P\000o\000i\000n\000t\000s}{subsection.2.4.3}% 88
\BOOKMARK [3][-]{subsubsection.2.4.3.4}{\376\377\000r\000e\000s\000e\000t}{subsection.2.4.3}% 89
\BOOKMARK [3][-]{subsubsection.2.4.3.5}{\376\377\000u\000p\000d\000a\000t\000e}{subsection.2.4.3}% 90
\BOOKMARK [2][-]{subsection.2.4.4}{\376\377\000M\000e\000m\000b\000e\000r\000\040\000D\000a\000t\000a\000\040\000D\000o\000c\000u\000m\000e\000n\000t\000a\000t\000i\000o\000n}{section.2.4}% 91
\BOOKMARK [3][-]{subsubsection.2.4.4.1}{\376\377\000a\000g\000g\000l\000o\000\137\000c\000u\000t\000o\000f\000f}{subsection.2.4.4}% 92
\BOOKMARK [3][-]{subsubsection.2.4.4.2}{\376\377\000g\000o\000a\000l\000M\000a\000r\000k\000e\000r}{subsection.2.4.4}% 93
\BOOKMARK [3][-]{subsubsection.2.4.4.3}{\376\377\000l\000i\000n\000k\000a\000g\000e}{subsection.2.4.4}% 94
\BOOKMARK [3][-]{subsubsection.2.4.4.4}{\376\377\000l\000o\000g}{subsection.2.4.4}% 95
\BOOKMARK [3][-]{subsubsection.2.4.4.5}{\376\377\000m\000a\000x\000A\000m\000o\000u\000n\000t\000O\000f\000P\000o\000i\000n\000t\000s}{subsection.2.4.4}% 96
\BOOKMARK [3][-]{subsubsection.2.4.4.6}{\376\377\000p\000o\000i\000n\000t\000A\000r\000r\000a\000y}{subsection.2.4.4}% 97
\BOOKMARK [3][-]{subsubsection.2.4.4.7}{\376\377\000t\000a\000r\000g\000e\000t\000L\000a\000b\000e\000l}{subsection.2.4.4}% 98
\BOOKMARK [3][-]{subsubsection.2.4.4.8}{\376\377\000t\000a\000r\000g\000e\000t\000L\000o\000c\000k\000e\000d}{subsection.2.4.4}% 99
\BOOKMARK [3][-]{subsubsection.2.4.4.9}{\376\377\000t\000a\000r\000g\000e\000t\000M\000a\000r\000k\000e\000r\000s}{subsection.2.4.4}% 100
\BOOKMARK [3][-]{subsubsection.2.4.4.10}{\376\377\000t\000a\000r\000g\000e\000t\000P\000o\000i\000n\000t}{subsection.2.4.4}% 101
\BOOKMARK [3][-]{subsubsection.2.4.4.11}{\376\377\000t\000f\000\137\000l\000i\000s\000t\000e\000n\000e\000r}{subsection.2.4.4}% 102
\BOOKMARK [3][-]{subsubsection.2.4.4.12}{\376\377\000v\000e\000r\000b\000o\000s\000i\000t\000y}{subsection.2.4.4}% 103
\BOOKMARK [1][-]{section.2.5}{\376\377\000b\000a\000s\000i\000c\000d\000r\000o\000n\000e\000c\000o\000n\000t\000r\000o\000l\000l\000e\000r\000.\000d\000r\000o\000n\000e\000S\000t\000a\000t\000u\000s\000\040\000C\000l\000a\000s\000s\000\040\000R\000e\000f\000e\000r\000e\000n\000c\000e}{chapter.2}% 104
\BOOKMARK [2][-]{subsection.2.5.1}{\376\377\000D\000e\000t\000a\000i\000l\000e\000d\000\040\000D\000e\000s\000c\000r\000i\000p\000t\000i\000o\000n}{section.2.5}% 105
\BOOKMARK [2][-]{subsection.2.5.2}{\376\377\000M\000e\000m\000b\000e\000r\000\040\000D\000a\000t\000a\000\040\000D\000o\000c\000u\000m\000e\000n\000t\000a\000t\000i\000o\000n}{section.2.5}% 106
\BOOKMARK [3][-]{subsubsection.2.5.2.1}{\376\377\000E\000m\000e\000r\000g\000e\000n\000c\000y}{subsection.2.5.2}% 107
\BOOKMARK [3][-]{subsubsection.2.5.2.2}{\376\377\000F\000l\000y\000i\000n\000g}{subsection.2.5.2}% 108
\BOOKMARK [3][-]{subsubsection.2.5.2.3}{\376\377\000G\000o\000t\000o\000H\000o\000v\000e\000r}{subsection.2.5.2}% 109
\BOOKMARK [3][-]{subsubsection.2.5.2.4}{\376\377\000H\000o\000v\000e\000r\000i\000n\000g}{subsection.2.5.2}% 110
\BOOKMARK [3][-]{subsubsection.2.5.2.5}{\376\377\000I\000n\000i\000t\000e\000d}{subsection.2.5.2}% 111
\BOOKMARK [3][-]{subsubsection.2.5.2.6}{\376\377\000L\000a\000n\000d\000e\000d}{subsection.2.5.2}% 112
\BOOKMARK [3][-]{subsubsection.2.5.2.7}{\376\377\000L\000a\000n\000d\000i\000n\000g}{subsection.2.5.2}% 113
\BOOKMARK [3][-]{subsubsection.2.5.2.8}{\376\377\000L\000o\000o\000p\000i\000n\000g}{subsection.2.5.2}% 114
\BOOKMARK [3][-]{subsubsection.2.5.2.9}{\376\377\000T\000a\000k\000i\000n\000g\000O\000f\000f}{subsection.2.5.2}% 115
\BOOKMARK [3][-]{subsubsection.2.5.2.10}{\376\377\000T\000e\000s\000t}{subsection.2.5.2}% 116
\BOOKMARK [1][-]{section.2.6}{\376\377\000g\000a\000m\000e\000p\000a\000d\000c\000o\000n\000t\000r\000o\000l\000l\000e\000r\000.\000g\000a\000m\000e\000p\000a\000d\000C\000o\000n\000t\000r\000o\000l\000l\000e\000r\000\040\000C\000l\000a\000s\000s\000\040\000R\000e\000f\000e\000r\000e\000n\000c\000e}{chapter.2}% 117
\BOOKMARK [2][-]{subsection.2.6.1}{\376\377\000D\000e\000t\000a\000i\000l\000e\000d\000\040\000D\000e\000s\000c\000r\000i\000p\000t\000i\000o\000n}{section.2.6}% 118
\BOOKMARK [2][-]{subsection.2.6.2}{\376\377\000C\000o\000n\000s\000t\000r\000u\000c\000t\000o\000r\000\040\000\046\000\040\000D\000e\000s\000t\000r\000u\000c\000t\000o\000r\000\040\000D\000o\000c\000u\000m\000e\000n\000t\000a\000t\000i\000o\000n}{section.2.6}% 119
\BOOKMARK [3][-]{subsubsection.2.6.2.1}{\376\377\000\137\000\137\000i\000n\000i\000t\000\137\000\137}{subsection.2.6.2}% 120
\BOOKMARK [2][-]{subsection.2.6.3}{\376\377\000M\000e\000m\000b\000e\000r\000\040\000F\000u\000n\000c\000t\000i\000o\000n\000\040\000D\000o\000c\000u\000m\000e\000n\000t\000a\000t\000i\000o\000n}{section.2.6}% 121
\BOOKMARK [3][-]{subsubsection.2.6.3.1}{\376\377\000c\000l\000o\000s\000e}{subsection.2.6.3}% 122
\BOOKMARK [3][-]{subsubsection.2.6.3.2}{\376\377\000R\000e\000c\000e\000i\000v\000e\000J\000o\000y\000s\000t\000i\000c\000k\000M\000e\000s\000s\000a\000g\000e}{subsection.2.6.3}% 123
\BOOKMARK [2][-]{subsection.2.6.4}{\376\377\000M\000e\000m\000b\000e\000r\000\040\000D\000a\000t\000a\000\040\000D\000o\000c\000u\000m\000e\000n\000t\000a\000t\000i\000o\000n}{section.2.6}% 124
\BOOKMARK [3][-]{subsubsection.2.6.4.1}{\376\377\000a\000x\000i\000s\000P\000i\000t\000c\000h}{subsection.2.6.4}% 125
\BOOKMARK [3][-]{subsubsection.2.6.4.2}{\376\377\000a\000x\000i\000s\000P\000i\000t\000c\000h}{subsection.2.6.4}% 126
\BOOKMARK [3][-]{subsubsection.2.6.4.3}{\376\377\000a\000x\000i\000s\000R\000o\000l\000l}{subsection.2.6.4}% 127
\BOOKMARK [3][-]{subsubsection.2.6.4.4}{\376\377\000a\000x\000i\000s\000R\000o\000l\000l}{subsection.2.6.4}% 128
\BOOKMARK [3][-]{subsubsection.2.6.4.5}{\376\377\000a\000x\000i\000s\000Y\000a\000w}{subsection.2.6.4}% 129
\BOOKMARK [3][-]{subsubsection.2.6.4.6}{\376\377\000a\000x\000i\000s\000Y\000a\000w}{subsection.2.6.4}% 130
\BOOKMARK [3][-]{subsubsection.2.6.4.7}{\376\377\000a\000x\000i\000s\000Z}{subsection.2.6.4}% 131
\BOOKMARK [3][-]{subsubsection.2.6.4.8}{\376\377\000a\000x\000i\000s\000Z}{subsection.2.6.4}% 132
\BOOKMARK [3][-]{subsubsection.2.6.4.9}{\376\377\000b\000u\000t\000t\000o\000n\000E\000m\000e\000r\000g\000e\000n\000c\000y}{subsection.2.6.4}% 133
\BOOKMARK [3][-]{subsubsection.2.6.4.10}{\376\377\000b\000u\000t\000t\000o\000n\000E\000m\000e\000r\000g\000e\000n\000c\000y}{subsection.2.6.4}% 134
\BOOKMARK [3][-]{subsubsection.2.6.4.11}{\376\377\000b\000u\000t\000t\000o\000n\000L\000a\000n\000d}{subsection.2.6.4}% 135
\BOOKMARK [3][-]{subsubsection.2.6.4.12}{\376\377\000b\000u\000t\000t\000o\000n\000L\000a\000n\000d}{subsection.2.6.4}% 136
\BOOKMARK [3][-]{subsubsection.2.6.4.13}{\376\377\000b\000u\000t\000t\000o\000n\000T\000a\000k\000e\000o\000f\000f}{subsection.2.6.4}% 137
\BOOKMARK [3][-]{subsubsection.2.6.4.14}{\376\377\000b\000u\000t\000t\000o\000n\000T\000a\000k\000e\000o\000f\000f}{subsection.2.6.4}% 138
\BOOKMARK [3][-]{subsubsection.2.6.4.15}{\376\377\000c\000o\000n\000t\000r\000o\000l\000l\000e\000r}{subsection.2.6.4}% 139
\BOOKMARK [3][-]{subsubsection.2.6.4.16}{\376\377\000d\000e\000v\000i\000c\000e}{subsection.2.6.4}% 140
\BOOKMARK [3][-]{subsubsection.2.6.4.17}{\376\377\000I\000D}{subsection.2.6.4}% 141
\BOOKMARK [3][-]{subsubsection.2.6.4.18}{\376\377\000p\000r\000o\000c\000e\000s\000s}{subsection.2.6.4}% 142
\BOOKMARK [3][-]{subsubsection.2.6.4.19}{\376\377\000s\000c\000a\000l\000e\000P\000i\000t\000c\000h}{subsection.2.6.4}% 143
\BOOKMARK [3][-]{subsubsection.2.6.4.20}{\376\377\000s\000c\000a\000l\000e\000P\000i\000t\000c\000h}{subsection.2.6.4}% 144
\BOOKMARK [3][-]{subsubsection.2.6.4.21}{\376\377\000s\000c\000a\000l\000e\000R\000o\000l\000l}{subsection.2.6.4}% 145
\BOOKMARK [3][-]{subsubsection.2.6.4.22}{\376\377\000s\000c\000a\000l\000e\000R\000o\000l\000l}{subsection.2.6.4}% 146
\BOOKMARK [3][-]{subsubsection.2.6.4.23}{\376\377\000s\000c\000a\000l\000e\000Y\000a\000w}{subsection.2.6.4}% 147
\BOOKMARK [3][-]{subsubsection.2.6.4.24}{\376\377\000s\000c\000a\000l\000e\000Y\000a\000w}{subsection.2.6.4}% 148
\BOOKMARK [3][-]{subsubsection.2.6.4.25}{\376\377\000s\000c\000a\000l\000e\000Z}{subsection.2.6.4}% 149
\BOOKMARK [3][-]{subsubsection.2.6.4.26}{\376\377\000s\000c\000a\000l\000e\000Z}{subsection.2.6.4}% 150
\BOOKMARK [3][-]{subsubsection.2.6.4.27}{\376\377\000s\000u\000b\000J\000o\000y\000s\000t\000i\000c\000k}{subsection.2.6.4}% 151
\BOOKMARK [3][-]{subsubsection.2.6.4.28}{\376\377\000w\000i\000n\000d\000o\000w}{subsection.2.6.4}% 152
\BOOKMARK [1][-]{section.2.7}{\376\377\000k\000e\000y\000b\000o\000a\000r\000d\000c\000o\000n\000t\000r\000o\000l\000l\000e\000r\000.\000k\000e\000y\000b\000o\000a\000r\000d\000C\000o\000n\000t\000r\000o\000l\000l\000e\000r\000\040\000C\000l\000a\000s\000s\000\040\000R\000e\000f\000e\000r\000e\000n\000c\000e}{chapter.2}% 153
\BOOKMARK [2][-]{subsection.2.7.1}{\376\377\000D\000e\000t\000a\000i\000l\000e\000d\000\040\000D\000e\000s\000c\000r\000i\000p\000t\000i\000o\000n}{section.2.7}% 154
\BOOKMARK [2][-]{subsection.2.7.2}{\376\377\000C\000o\000n\000s\000t\000r\000u\000c\000t\000o\000r\000\040\000\046\000\040\000D\000e\000s\000t\000r\000u\000c\000t\000o\000r\000\040\000D\000o\000c\000u\000m\000e\000n\000t\000a\000t\000i\000o\000n}{section.2.7}% 155
\BOOKMARK [3][-]{subsubsection.2.7.2.1}{\376\377\000\137\000\137\000i\000n\000i\000t\000\137\000\137}{subsection.2.7.2}% 156
\BOOKMARK [2][-]{subsection.2.7.3}{\376\377\000M\000e\000m\000b\000e\000r\000\040\000F\000u\000n\000c\000t\000i\000o\000n\000\040\000D\000o\000c\000u\000m\000e\000n\000t\000a\000t\000i\000o\000n}{section.2.7}% 157
\BOOKMARK [3][-]{subsubsection.2.7.3.1}{\376\377\000k\000e\000y}{subsection.2.7.3}% 158
\BOOKMARK [3][-]{subsubsection.2.7.3.2}{\376\377\000o\000n\000k\000e\000y\000r\000e\000l\000e\000a\000s\000e}{subsection.2.7.3}% 159
\BOOKMARK [2][-]{subsection.2.7.4}{\376\377\000M\000e\000m\000b\000e\000r\000\040\000D\000a\000t\000a\000\040\000D\000o\000c\000u\000m\000e\000n\000t\000a\000t\000i\000o\000n}{section.2.7}% 160
\BOOKMARK [3][-]{subsubsection.2.7.4.1}{\376\377\000c\000o\000n\000t\000r\000o\000l\000l\000e\000r}{subsection.2.7.4}% 161
\BOOKMARK [3][-]{subsubsection.2.7.4.2}{\376\377\000c\000o\000u\000n\000t\000e\000r}{subsection.2.7.4}% 162
\BOOKMARK [3][-]{subsubsection.2.7.4.3}{\376\377\000I\000D}{subsection.2.7.4}% 163
\BOOKMARK [3][-]{subsubsection.2.7.4.4}{\376\377\000p\000i\000t\000c\000h}{subsection.2.7.4}% 164
\BOOKMARK [3][-]{subsubsection.2.7.4.5}{\376\377\000p\000i\000t\000c\000h}{subsection.2.7.4}% 165
\BOOKMARK [3][-]{subsubsection.2.7.4.6}{\376\377\000r\000o\000l\000l}{subsection.2.7.4}% 166
\BOOKMARK [3][-]{subsubsection.2.7.4.7}{\376\377\000r\000o\000l\000l}{subsection.2.7.4}% 167
\BOOKMARK [3][-]{subsubsection.2.7.4.8}{\376\377\000w\000i\000n\000d\000o\000w}{subsection.2.7.4}% 168
\BOOKMARK [3][-]{subsubsection.2.7.4.9}{\376\377\000y\000a\000w\000\137\000v\000e\000l\000o\000c\000i\000t\000y}{subsection.2.7.4}% 169
\BOOKMARK [3][-]{subsubsection.2.7.4.10}{\376\377\000y\000a\000w\000\137\000v\000e\000l\000o\000c\000i\000t\000y}{subsection.2.7.4}% 170
\BOOKMARK [3][-]{subsubsection.2.7.4.11}{\376\377\000z\000\137\000v\000e\000l\000o\000c\000i\000t\000y}{subsection.2.7.4}% 171
\BOOKMARK [3][-]{subsubsection.2.7.4.12}{\376\377\000z\000\137\000v\000e\000l\000o\000c\000i\000t\000y}{subsection.2.7.4}% 172
\BOOKMARK [1][-]{section.2.8}{\376\377\000k\000e\000y\000b\000o\000a\000r\000d\000c\000o\000n\000t\000r\000o\000l\000l\000e\000r\000.\000k\000e\000y\000M\000a\000p\000p\000i\000n\000g\000\040\000C\000l\000a\000s\000s\000\040\000R\000e\000f\000e\000r\000e\000n\000c\000e}{chapter.2}% 173
\BOOKMARK [2][-]{subsection.2.8.1}{\376\377\000D\000e\000t\000a\000i\000l\000e\000d\000\040\000D\000e\000s\000c\000r\000i\000p\000t\000i\000o\000n}{section.2.8}% 174
\BOOKMARK [2][-]{subsection.2.8.2}{\376\377\000M\000e\000m\000b\000e\000r\000\040\000D\000a\000t\000a\000\040\000D\000o\000c\000u\000m\000e\000n\000t\000a\000t\000i\000o\000n}{section.2.8}% 175
\BOOKMARK [3][-]{subsubsection.2.8.2.1}{\376\377\000d\000e\000c\000r\000e\000a\000s\000e\000A\000l\000t\000i\000t\000u\000d\000e}{subsection.2.8.2}% 176
\BOOKMARK [3][-]{subsubsection.2.8.2.2}{\376\377\000e\000m\000e\000r\000g\000e\000n\000c\000y}{subsection.2.8.2}% 177
\BOOKMARK [3][-]{subsubsection.2.8.2.3}{\376\377\000e\000x\000i\000t}{subsection.2.8.2}% 178
\BOOKMARK [3][-]{subsubsection.2.8.2.4}{\376\377\000i\000n\000c\000r\000e\000a\000s\000e\000A\000l\000t\000i\000t\000u\000d\000e}{subsection.2.8.2}% 179
\BOOKMARK [3][-]{subsubsection.2.8.2.5}{\376\377\000l\000a\000n\000d}{subsection.2.8.2}% 180
\BOOKMARK [3][-]{subsubsection.2.8.2.6}{\376\377\000p\000i\000t\000c\000h\000B\000a\000c\000k\000w\000a\000r\000d}{subsection.2.8.2}% 181
\BOOKMARK [3][-]{subsubsection.2.8.2.7}{\376\377\000p\000i\000t\000c\000h\000F\000o\000r\000w\000a\000r\000d}{subsection.2.8.2}% 182
\BOOKMARK [3][-]{subsubsection.2.8.2.8}{\376\377\000r\000o\000l\000l\000L\000e\000f\000t}{subsection.2.8.2}% 183
\BOOKMARK [3][-]{subsubsection.2.8.2.9}{\376\377\000r\000o\000l\000l\000R\000i\000g\000h\000t}{subsection.2.8.2}% 184
\BOOKMARK [3][-]{subsubsection.2.8.2.10}{\376\377\000t\000a\000k\000e\000o\000f\000f}{subsection.2.8.2}% 185
\BOOKMARK [3][-]{subsubsection.2.8.2.11}{\376\377\000y\000a\000w\000L\000e\000f\000t}{subsection.2.8.2}% 186
\BOOKMARK [3][-]{subsubsection.2.8.2.12}{\376\377\000y\000a\000w\000R\000i\000g\000h\000t}{subsection.2.8.2}% 187
\BOOKMARK [1][-]{section.2.9}{\376\377\000m\000a\000r\000k\000e\000r\000C\000l\000a\000s\000s\000.\000m\000a\000r\000k\000e\000r\000A\000r\000r\000a\000y\000R\000V\000I\000Z\000\040\000C\000l\000a\000s\000s\000\040\000R\000e\000f\000e\000r\000e\000n\000c\000e}{chapter.2}% 188
\BOOKMARK [2][-]{subsection.2.9.1}{\376\377\000D\000e\000t\000a\000i\000l\000e\000d\000\040\000D\000e\000s\000c\000r\000i\000p\000t\000i\000o\000n}{section.2.9}% 189
\BOOKMARK [2][-]{subsection.2.9.2}{\376\377\000C\000o\000n\000s\000t\000r\000u\000c\000t\000o\000r\000\040\000\046\000\040\000D\000e\000s\000t\000r\000u\000c\000t\000o\000r\000\040\000D\000o\000c\000u\000m\000e\000n\000t\000a\000t\000i\000o\000n}{section.2.9}% 190
\BOOKMARK [3][-]{subsubsection.2.9.2.1}{\376\377\000\137\000\137\000i\000n\000i\000t\000\137\000\137}{subsection.2.9.2}% 191
\BOOKMARK [2][-]{subsection.2.9.3}{\376\377\000M\000e\000m\000b\000e\000r\000\040\000F\000u\000n\000c\000t\000i\000o\000n\000\040\000D\000o\000c\000u\000m\000e\000n\000t\000a\000t\000i\000o\000n}{section.2.9}% 192
\BOOKMARK [3][-]{subsubsection.2.9.3.1}{\376\377\000a\000d\000d\000M\000a\000r\000k\000e\000r}{subsection.2.9.3}% 193
\BOOKMARK [3][-]{subsubsection.2.9.3.2}{\376\377\000d\000r\000o\000p\000M\000a\000r\000k\000e\000r}{subsection.2.9.3}% 194
\BOOKMARK [2][-]{subsection.2.9.4}{\376\377\000M\000e\000m\000b\000e\000r\000\040\000D\000a\000t\000a\000\040\000D\000o\000c\000u\000m\000e\000n\000t\000a\000t\000i\000o\000n}{section.2.9}% 195
\BOOKMARK [3][-]{subsubsection.2.9.4.1}{\376\377\000m\000a\000r\000k\000e\000r\000C\000o\000l\000o\000r}{subsection.2.9.4}% 196
\BOOKMARK [3][-]{subsubsection.2.9.4.2}{\376\377\000m\000a\000r\000k\000e\000r\000M\000a\000x}{subsection.2.9.4}% 197
\BOOKMARK [3][-]{subsubsection.2.9.4.3}{\376\377\000m\000a\000r\000k\000e\000r\000S\000c\000a\000l\000e}{subsection.2.9.4}% 198
\BOOKMARK [3][-]{subsubsection.2.9.4.4}{\376\377\000p\000u\000b\000l\000i\000s\000h\000e\000r}{subsection.2.9.4}% 199
\BOOKMARK [3][-]{subsubsection.2.9.4.5}{\376\377\000r\000e\000f\000e\000r\000e\000n\000c\000e\000F\000r\000a\000m\000e}{subsection.2.9.4}% 200
\BOOKMARK [3][-]{subsubsection.2.9.4.6}{\376\377\000t\000a\000r\000g\000e\000t\000C\000o\000u\000n\000t}{subsection.2.9.4}% 201
\BOOKMARK [3][-]{subsubsection.2.9.4.7}{\376\377\000t\000a\000r\000g\000e\000t\000M\000a\000r\000k\000e\000r\000A\000r\000r\000a\000y}{subsection.2.9.4}% 202
\BOOKMARK [1][-]{section.2.10}{\376\377\000o\000b\000j\000e\000c\000t\000\040\000C\000l\000a\000s\000s\000\040\000R\000e\000f\000e\000r\000e\000n\000c\000e}{chapter.2}% 203
\BOOKMARK [1][-]{section.2.11}{\376\377\000c\000l\000u\000s\000t\000e\000r\000N\000o\000d\000e\000.\000P\000o\000i\000n\000t\000\040\000C\000l\000a\000s\000s\000\040\000R\000e\000f\000e\000r\000e\000n\000c\000e}{chapter.2}% 204
\BOOKMARK [2][-]{subsection.2.11.1}{\376\377\000D\000e\000t\000a\000i\000l\000e\000d\000\040\000D\000e\000s\000c\000r\000i\000p\000t\000i\000o\000n}{section.2.11}% 205
\BOOKMARK [2][-]{subsection.2.11.2}{\376\377\000C\000o\000n\000s\000t\000r\000u\000c\000t\000o\000r\000\040\000\046\000\040\000D\000e\000s\000t\000r\000u\000c\000t\000o\000r\000\040\000D\000o\000c\000u\000m\000e\000n\000t\000a\000t\000i\000o\000n}{section.2.11}% 206
\BOOKMARK [3][-]{subsubsection.2.11.2.1}{\376\377\000\137\000\137\000i\000n\000i\000t\000\137\000\137}{subsection.2.11.2}% 207
\BOOKMARK [2][-]{subsection.2.11.3}{\376\377\000M\000e\000m\000b\000e\000r\000\040\000F\000u\000n\000c\000t\000i\000o\000n\000\040\000D\000o\000c\000u\000m\000e\000n\000t\000a\000t\000i\000o\000n}{section.2.11}% 208
\BOOKMARK [3][-]{subsubsection.2.11.3.1}{\376\377\000\137\000\137\000r\000e\000p\000r\000\137\000\137}{subsection.2.11.3}% 209
\BOOKMARK [2][-]{subsection.2.11.4}{\376\377\000M\000e\000m\000b\000e\000r\000\040\000D\000a\000t\000a\000\040\000D\000o\000c\000u\000m\000e\000n\000t\000a\000t\000i\000o\000n}{section.2.11}% 210
\BOOKMARK [3][-]{subsubsection.2.11.4.1}{\376\377\000c\000o\000o\000r\000d\000s}{subsection.2.11.4}% 211
\BOOKMARK [3][-]{subsubsection.2.11.4.2}{\376\377\000n}{subsection.2.11.4}% 212
\BOOKMARK [3][-]{subsubsection.2.11.4.3}{\376\377\000r\000e\000f\000e\000r\000e\000n\000c\000e}{subsection.2.11.4}% 213
\BOOKMARK [1][-]{section.2.12}{\376\377\000s\000t\000a\000i\000r\000c\000a\000s\000e\000a\000i\000.\000s\000t\000a\000i\000r\000c\000a\000s\000e\000A\000I\000\040\000C\000l\000a\000s\000s\000\040\000R\000e\000f\000e\000r\000e\000n\000c\000e}{chapter.2}% 214
\BOOKMARK [2][-]{subsection.2.12.1}{\376\377\000D\000e\000t\000a\000i\000l\000e\000d\000\040\000D\000e\000s\000c\000r\000i\000p\000t\000i\000o\000n}{section.2.12}% 215
\BOOKMARK [2][-]{subsection.2.12.2}{\376\377\000C\000o\000n\000s\000t\000r\000u\000c\000t\000o\000r\000\040\000\046\000\040\000D\000e\000s\000t\000r\000u\000c\000t\000o\000r\000\040\000D\000o\000c\000u\000m\000e\000n\000t\000a\000t\000i\000o\000n}{section.2.12}% 216
\BOOKMARK [3][-]{subsubsection.2.12.2.1}{\376\377\000\137\000\137\000i\000n\000i\000t\000\137\000\137}{subsection.2.12.2}% 217
\BOOKMARK [2][-]{subsection.2.12.3}{\376\377\000M\000e\000m\000b\000e\000r\000\040\000F\000u\000n\000c\000t\000i\000o\000n\000\040\000D\000o\000c\000u\000m\000e\000n\000t\000a\000t\000i\000o\000n}{section.2.12}% 218
\BOOKMARK [3][-]{subsubsection.2.12.3.1}{\376\377\000c\000l\000o\000s\000e}{subsection.2.12.3}% 219
\BOOKMARK [3][-]{subsubsection.2.12.3.2}{\376\377\000g\000o\000A\000I}{subsection.2.12.3}% 220
\BOOKMARK [3][-]{subsubsection.2.12.3.3}{\376\377\000g\000o\000t\000o\000O\000r\000i\000g\000i\000n}{subsection.2.12.3}% 221
\BOOKMARK [3][-]{subsubsection.2.12.3.4}{\376\377\000i\000n\000i\000t\000i\000a\000l\000i\000z\000e\000A\000I}{subsection.2.12.3}% 222
\BOOKMARK [3][-]{subsubsection.2.12.3.5}{\376\377\000i\000n\000i\000t\000L\000S\000D\000S\000L\000A\000M}{subsection.2.12.3}% 223
\BOOKMARK [3][-]{subsubsection.2.12.3.6}{\376\377\000l\000a\000u\000n\000c\000h\000A\000r\000d\000r\000o\000n\000e\000D\000r\000i\000v\000e\000r}{subsection.2.12.3}% 224
\BOOKMARK [3][-]{subsubsection.2.12.3.7}{\376\377\000l\000a\000u\000n\000c\000h\000D\000e\000t\000e\000c\000t\000i\000o\000n\000N\000o\000d\000e}{subsection.2.12.3}% 225
\BOOKMARK [3][-]{subsubsection.2.12.3.8}{\376\377\000l\000a\000u\000n\000c\000h\000L\000S\000D\000S\000L\000A\000M\000V\000i\000e\000w\000e\000r}{subsection.2.12.3}% 226
\BOOKMARK [3][-]{subsubsection.2.12.3.9}{\376\377\000l\000a\000u\000n\000c\000h\000r\000q\000t\000I\000m\000a\000g\000e\000V\000i\000e\000w\000e\000r}{subsection.2.12.3}% 227
\BOOKMARK [3][-]{subsubsection.2.12.3.10}{\376\377\000l\000a\000u\000n\000c\000h\000R\000V\000I\000Z}{subsection.2.12.3}% 228
\BOOKMARK [3][-]{subsubsection.2.12.3.11}{\376\377\000l\000a\000u\000n\000c\000h\000T\000u\000m\000A\000r\000d\000r\000o\000n\000e}{subsection.2.12.3}% 229
\BOOKMARK [3][-]{subsubsection.2.12.3.12}{\376\377\000l\000o\000g}{subsection.2.12.3}% 230
\BOOKMARK [3][-]{subsubsection.2.12.3.13}{\376\377\000l\000o\000g\000D\000e\000t}{subsection.2.12.3}% 231
\BOOKMARK [3][-]{subsubsection.2.12.3.14}{\376\377\000r\000e\000s\000e\000t\000E\000K\000F}{subsection.2.12.3}% 232
\BOOKMARK [3][-]{subsubsection.2.12.3.15}{\376\377\000r\000e\000s\000e\000t\000L\000S\000D\000S\000L\000A\000M}{subsection.2.12.3}% 233
\BOOKMARK [3][-]{subsubsection.2.12.3.16}{\376\377\000r\000e\000s\000e\000t\000P\000T\000A\000M}{subsection.2.12.3}% 234
\BOOKMARK [3][-]{subsubsection.2.12.3.17}{\376\377\000s\000e\000n\000d\000C\000o\000m\000m\000a\000n\000d}{subsection.2.12.3}% 235
\BOOKMARK [3][-]{subsubsection.2.12.3.18}{\376\377\000s\000t\000o\000p\000A\000I}{subsection.2.12.3}% 236
\BOOKMARK [3][-]{subsubsection.2.12.3.19}{\376\377\000t\000a\000k\000e\000o\000f\000f}{subsection.2.12.3}% 237
\BOOKMARK [2][-]{subsection.2.12.4}{\376\377\000M\000e\000m\000b\000e\000r\000\040\000D\000a\000t\000a\000\040\000D\000o\000c\000u\000m\000e\000n\000t\000a\000t\000i\000o\000n}{section.2.12}% 238
\BOOKMARK [3][-]{subsubsection.2.12.4.1}{\376\377\000a\000r\000d\000r\000o\000n\000e\000D\000r\000i\000v\000e\000r\000L\000b\000l}{subsection.2.12.4}% 239
\BOOKMARK [3][-]{subsubsection.2.12.4.2}{\376\377\000a\000r\000d\000r\000o\000n\000e\000D\000r\000i\000v\000e\000r\000P\000r\000o\000c\000e\000s\000s}{subsection.2.12.4}% 240
\BOOKMARK [3][-]{subsubsection.2.12.4.3}{\376\377\000a\000r\000d\000r\000o\000n\000e\000D\000r\000i\000v\000e\000r\000S\000t\000a\000t\000u\000s}{subsection.2.12.4}% 241
\BOOKMARK [3][-]{subsubsection.2.12.4.4}{\376\377\000a\000r\000d\000r\000o\000n\000e\000D\000r\000i\000v\000e\000r\000S\000t\000a\000t\000u\000s}{subsection.2.12.4}% 242
\BOOKMARK [3][-]{subsubsection.2.12.4.5}{\376\377\000c\000l\000u\000s\000t\000e\000r}{subsection.2.12.4}% 243
\BOOKMARK [3][-]{subsubsection.2.12.4.6}{\376\377\000c\000o\000m\000m\000a\000n\000d\000E\000n\000t\000r\000y\000T\000e\000x\000t}{subsection.2.12.4}% 244
\BOOKMARK [3][-]{subsubsection.2.12.4.7}{\376\377\000c\000o\000n\000t\000r\000o\000l\000l\000e\000r}{subsection.2.12.4}% 245
\BOOKMARK [3][-]{subsubsection.2.12.4.8}{\376\377\000d\000e\000t\000e\000c\000t\000i\000o\000n\000M\000a\000r\000k\000e\000r\000P\000u\000b\000l\000i\000s\000h\000e\000r}{subsection.2.12.4}% 246
\BOOKMARK [3][-]{subsubsection.2.12.4.9}{\376\377\000d\000e\000t\000e\000c\000t\000i\000o\000n\000N\000o\000d\000e\000L\000b\000l}{subsection.2.12.4}% 247
\BOOKMARK [3][-]{subsubsection.2.12.4.10}{\376\377\000d\000e\000t\000e\000c\000t\000i\000o\000n\000N\000o\000d\000e\000S\000t\000a\000t\000u\000s}{subsection.2.12.4}% 248
\BOOKMARK [3][-]{subsubsection.2.12.4.11}{\376\377\000d\000e\000t\000e\000c\000t\000i\000o\000n\000N\000o\000d\000e\000S\000t\000a\000t\000u\000s}{subsection.2.12.4}% 249
\BOOKMARK [3][-]{subsubsection.2.12.4.12}{\376\377\000d\000e\000t\000e\000c\000t\000i\000o\000n\000P\000r\000o\000c\000e\000s\000s}{subsection.2.12.4}% 250
\BOOKMARK [3][-]{subsubsection.2.12.4.13}{\376\377\000d\000e\000t\000e\000c\000t\000i\000o\000n\000T\000e\000x\000t}{subsection.2.12.4}% 251
\BOOKMARK [3][-]{subsubsection.2.12.4.14}{\376\377\000d\000r\000o\000n\000e\000A\000u\000t\000o\000p\000i\000l\000o\000t\000P\000r\000o\000c\000e\000s\000s}{subsection.2.12.4}% 252
\BOOKMARK [3][-]{subsubsection.2.12.4.15}{\376\377\000d\000r\000o\000n\000e\000G\000u\000i\000P\000r\000o\000c\000e\000s\000s}{subsection.2.12.4}% 253
\BOOKMARK [3][-]{subsubsection.2.12.4.16}{\376\377\000d\000r\000o\000n\000e\000S\000t\000a\000t\000e\000e\000s\000t\000i\000m\000a\000t\000i\000o\000n\000P\000r\000o\000c\000e\000s\000s}{subsection.2.12.4}% 254
\BOOKMARK [3][-]{subsubsection.2.12.4.17}{\376\377\000g\000o\000a\000l\000M\000a\000r\000k\000e\000r\000P\000u\000b\000l\000i\000s\000h\000e\000r}{subsection.2.12.4}% 255
\BOOKMARK [3][-]{subsubsection.2.12.4.18}{\376\377\000I\000D}{subsection.2.12.4}% 256
\BOOKMARK [3][-]{subsubsection.2.12.4.19}{\376\377\000i\000m\000a\000g\000e\000R\000e\000c\000t\000i\000f\000y\000P\000r\000o\000c\000e\000s\000s}{subsection.2.12.4}% 257
\BOOKMARK [3][-]{subsubsection.2.12.4.20}{\376\377\000l\000a\000u\000n\000c\000h\000e\000r}{subsection.2.12.4}% 258
\BOOKMARK [3][-]{subsubsection.2.12.4.21}{\376\377\000l\000o\000g\000T\000e\000x\000t}{subsection.2.12.4}% 259
\BOOKMARK [3][-]{subsubsection.2.12.4.22}{\376\377\000l\000s\000d\000s\000l\000a\000m\000P\000r\000o\000c\000e\000s\000s}{subsection.2.12.4}% 260
\BOOKMARK [3][-]{subsubsection.2.12.4.23}{\376\377\000L\000S\000D\000S\000L\000A\000M\000V\000i\000e\000w\000e\000r\000L\000b\000l}{subsection.2.12.4}% 261
\BOOKMARK [3][-]{subsubsection.2.12.4.24}{\376\377\000L\000S\000D\000S\000L\000A\000M\000V\000i\000e\000w\000e\000r\000P\000r\000o\000c\000e\000s\000s}{subsection.2.12.4}% 262
\BOOKMARK [3][-]{subsubsection.2.12.4.25}{\376\377\000L\000S\000D\000S\000L\000A\000M\000V\000i\000e\000w\000e\000r\000S\000t\000a\000t\000u\000s}{subsection.2.12.4}% 263
\BOOKMARK [3][-]{subsubsection.2.12.4.26}{\376\377\000L\000S\000D\000S\000L\000A\000M\000V\000i\000e\000w\000e\000r\000S\000t\000a\000t\000u\000s}{subsection.2.12.4}% 264
\BOOKMARK [3][-]{subsubsection.2.12.4.27}{\376\377\000r\000q\000t\000I\000m\000a\000g\000e\000V\000i\000e\000w\000e\000r\000L\000b\000l}{subsection.2.12.4}% 265
\BOOKMARK [3][-]{subsubsection.2.12.4.28}{\376\377\000r\000q\000t\000I\000m\000a\000g\000e\000V\000i\000e\000w\000e\000r\000P\000r\000o\000c\000e\000s\000s}{subsection.2.12.4}% 266
\BOOKMARK [3][-]{subsubsection.2.12.4.29}{\376\377\000r\000q\000t\000I\000m\000a\000g\000e\000V\000i\000e\000w\000e\000r\000S\000t\000a\000t\000u\000s}{subsection.2.12.4}% 267
\BOOKMARK [3][-]{subsubsection.2.12.4.30}{\376\377\000r\000q\000t\000I\000m\000a\000g\000e\000V\000i\000e\000w\000e\000r\000S\000t\000a\000t\000u\000s}{subsection.2.12.4}% 268
\BOOKMARK [3][-]{subsubsection.2.12.4.31}{\376\377\000R\000V\000I\000Z\000L\000b\000l}{subsection.2.12.4}% 269
\BOOKMARK [3][-]{subsubsection.2.12.4.32}{\376\377\000R\000V\000I\000Z\000P\000r\000o\000c\000e\000s\000s}{subsection.2.12.4}% 270
\BOOKMARK [3][-]{subsubsection.2.12.4.33}{\376\377\000R\000V\000I\000Z\000S\000t\000a\000t\000u\000s}{subsection.2.12.4}% 271
\BOOKMARK [3][-]{subsubsection.2.12.4.34}{\376\377\000R\000V\000I\000Z\000S\000t\000a\000t\000u\000s}{subsection.2.12.4}% 272
\BOOKMARK [3][-]{subsubsection.2.12.4.35}{\376\377\000s\000t\000a\000t\000i\000c\000T\000f\000P\000r\000o\000c\000e\000s\000s}{subsection.2.12.4}% 273
\BOOKMARK [3][-]{subsubsection.2.12.4.36}{\376\377\000t\000a\000r\000g\000e\000t\000L\000o\000c\000k\000e\000d\000T\000e\000x\000t}{subsection.2.12.4}% 274
\BOOKMARK [3][-]{subsubsection.2.12.4.37}{\376\377\000t\000a\000r\000g\000e\000t\000S\000u\000b}{subsection.2.12.4}% 275
\BOOKMARK [3][-]{subsubsection.2.12.4.38}{\376\377\000t\000u\000m\000A\000r\000d\000r\000o\000n\000e\000L\000b\000l}{subsection.2.12.4}% 276
\BOOKMARK [3][-]{subsubsection.2.12.4.39}{\376\377\000t\000u\000m\000A\000r\000d\000r\000o\000n\000e\000S\000t\000a\000t\000u\000s}{subsection.2.12.4}% 277
\BOOKMARK [3][-]{subsubsection.2.12.4.40}{\376\377\000t\000u\000m\000A\000r\000d\000r\000o\000n\000e\000S\000t\000a\000t\000u\000s}{subsection.2.12.4}% 278
\BOOKMARK [3][-]{subsubsection.2.12.4.41}{\376\377\000t\000u\000m\000C\000o\000m\000P\000u\000b\000l\000i\000s\000h\000e\000r}{subsection.2.12.4}% 279
\BOOKMARK [3][-]{subsubsection.2.12.4.42}{\376\377\000w\000i\000n\000d\000o\000w}{subsection.2.12.4}% 280
\BOOKMARK [0][-]{chapter.3}{\376\377\000F\000i\000l\000e\000\040\000D\000o\000c\000u\000m\000e\000n\000t\000a\000t\000i\000o\000n}{}% 281
\BOOKMARK [1][-]{section.3.1}{\376\377\000a\000r\000d\000r\000o\000n\000e\000\137\000g\000u\000i\000\137\000c\000o\000n\000t\000r\000o\000l\000l\000e\000r\000.\000p\000y\000\040\000F\000i\000l\000e\000\040\000R\000e\000f\000e\000r\000e\000n\000c\000e}{chapter.3}% 282
\BOOKMARK [1][-]{section.3.2}{\376\377\000a\000r\000d\000r\000o\000n\000e\000g\000u\000i\000c\000o\000n\000t\000r\000o\000l\000l\000e\000r\000.\000p\000y\000\040\000F\000i\000l\000e\000\040\000R\000e\000f\000e\000r\000e\000n\000c\000e}{chapter.3}% 283
\BOOKMARK [1][-]{section.3.3}{\376\377\000b\000a\000s\000i\000c\000d\000r\000o\000n\000e\000c\000o\000n\000t\000r\000o\000l\000l\000e\000r\000.\000p\000y\000\040\000F\000i\000l\000e\000\040\000R\000e\000f\000e\000r\000e\000n\000c\000e}{chapter.3}% 284
\BOOKMARK [1][-]{section.3.4}{\376\377\000c\000l\000u\000s\000t\000e\000r\000N\000o\000d\000e\000.\000p\000y\000\040\000F\000i\000l\000e\000\040\000R\000e\000f\000e\000r\000e\000n\000c\000e}{chapter.3}% 285
\BOOKMARK [1][-]{section.3.5}{\376\377\000g\000a\000m\000e\000p\000a\000d\000c\000o\000n\000t\000r\000o\000l\000l\000e\000r\000.\000p\000y\000\040\000F\000i\000l\000e\000\040\000R\000e\000f\000e\000r\000e\000n\000c\000e}{chapter.3}% 286
\BOOKMARK [1][-]{section.3.6}{\376\377\000k\000e\000y\000b\000o\000a\000r\000d\000c\000o\000n\000t\000r\000o\000l\000l\000e\000r\000.\000p\000y\000\040\000F\000i\000l\000e\000\040\000R\000e\000f\000e\000r\000e\000n\000c\000e}{chapter.3}% 287
\BOOKMARK [1][-]{section.3.7}{\376\377\000m\000a\000r\000k\000e\000r\000C\000l\000a\000s\000s\000.\000p\000y\000\040\000F\000i\000l\000e\000\040\000R\000e\000f\000e\000r\000e\000n\000c\000e}{chapter.3}% 288
\BOOKMARK [1][-]{section.3.8}{\376\377\000s\000t\000a\000i\000r\000c\000a\000s\000e\000a\000i\000.\000p\000y\000\040\000F\000i\000l\000e\000\040\000R\000e\000f\000e\000r\000e\000n\000c\000e}{chapter.3}% 289
